/bin/bash: /home/ubuntu/miniconda/envs/fsdp/lib/libtinfo.so.6: no version information available (required by /bin/bash)
Traceback (most recent call last):
  File "/home/ubuntu/fs2/train_experiment/train_fsdp.py", line 108, in <module>
    main()
  File "/home/ubuntu/fs2/train_experiment/train_fsdp.py", line 63, in main
    model = FSDP(
  File "/home/ubuntu/miniconda/envs/fsdp/lib/python3.10/site-packages/torch/distributed/fsdp/fully_sharded_data_parallel.py", line 463, in __init__
    _auto_wrap(
  File "/home/ubuntu/miniconda/envs/fsdp/lib/python3.10/site-packages/torch/distributed/fsdp/_wrap_utils.py", line 101, in _auto_wrap
    _recursive_wrap(**recursive_wrap_kwargs, **root_kwargs)  # type: ignore[arg-type]
  File "/home/ubuntu/miniconda/envs/fsdp/lib/python3.10/site-packages/torch/distributed/fsdp/wrap.py", line 531, in _recursive_wrap
    if auto_wrap_policy(module=module, recurse=True, nonwrapped_numel=nonwrapped_numel):
  File "/home/ubuntu/miniconda/envs/fsdp/lib/python3.10/site-packages/torch/distributed/fsdp/wrap.py", line 336, in _or_policy
    return any(
  File "/home/ubuntu/miniconda/envs/fsdp/lib/python3.10/site-packages/torch/distributed/fsdp/wrap.py", line 337, in <genexpr>
    policy(module=module, recurse=recurse, nonwrapped_numel=nonwrapped_numel)
  File "/home/ubuntu/fs2/train_experiment/train_fsdp.py", line 54, in auto_wrap_policy
    return size_based_auto_wrap_policy(min_num_params=1e7)(module, recurse, nonwrapped_numel)
TypeError: size_based_auto_wrap_policy() missing 3 required positional arguments: 'module', 'recurse', and 'nonwrapped_numel'
srun: error: 192-222-55-57: task 0: Exited with exit code 1
